[2m2026-05-28T03:15:20.574505Z[0m [32m INFO[0m [2mmoq_relay_ietf[0m[2m:[0m using file coordinator: /tmp/moq-coordinator.json
[2m2026-05-28T03:15:20.575712Z[0m [32m INFO[0m [2mmoq_relay_ietf::relay[0m[2m:[0m listening on [::]:4443
[2m2026-05-28T03:15:33.492332Z[0m [32m INFO[0m [2mmoq_relay_ietf::consumer[0m[2m:[0m serving announce: AnnounceInfo { request_id: 0, namespace: /bbb } [3mnamespace[0m[2m=[0m/bbb
[2m2026-05-28T03:15:33.492424Z[0m [34mDEBUG[0m [2mmoq_relay_ietf::consumer[0m[2m:[0m registering namespace in locals [3mnamespace[0m[2m=[0m/bbb
[2m2026-05-28T03:15:33.492467Z[0m [34mDEBUG[0m [2mmoq_relay_ietf::consumer[0m[2m:[0m namespace registered in locals [3mnamespace[0m[2m=[0m/bbb
[2m2026-05-28T03:15:33.492480Z[0m [34mDEBUG[0m [2mmoq_relay_ietf::consumer[0m[2m:[0m registering namespace with coordinator [3mnamespace[0m[2m=[0m/bbb
[2m2026-05-28T03:15:33.493026Z[0m [32m INFO[0m [2mmoq_relay_ietf::file_coordinator[0m[2m:[0m registering namespace: /bbb -> https://[::]:4443/ [3mnamespace[0m[2m=[0m/bbb [3mscope[0m[2m=[0m [3mrelay_url[0m[2m=[0mhttps://[::]:4443/
[2m2026-05-28T03:15:33.493489Z[0m [34mDEBUG[0m [2mmoq_relay_ietf::consumer[0m[2m:[0m namespace registered with coordinator [3mnamespace[0m[2m=[0m/bbb
[2m2026-05-28T03:15:33.493526Z[0m [34mDEBUG[0m [2mmoq_relay_ietf::consumer[0m[2m:[0m sent ANNOUNCE_OK [3mnamespace[0m[2m=[0m/bbb
[2m2026-05-28T03:15:37.516583Z[0m [34mDEBUG[0m [2mmoq_relay_ietf::relay[0m[2m:[0m scope resolved [3mconnection_path[0m[2m=[0m"/bbb" [3mscope_id[0m[2m=[0m/bbb [3mpermissions[0m[2m=[0mReadWrite
[2m2026-05-28T03:15:37.519282Z[0m [32m INFO[0m [2mmoq_relay_ietf::producer[0m[2m:[0m serving subscribe: SubscribeInfo { id: 0, track_namespace: /bbb, track_name: ".catalog", subscriber_priority: 127, group_order: Publisher, forward: true, filter_type: LargestObject, start_location: None, end_group_id: None, params: {  }, track_status: false } [3mnamespace[0m[2m=[0m/bbb [3mtrack[0m[2m=[0m.catalog
[2m2026-05-28T03:15:37.519524Z[0m [34mDEBUG[0m [2mmoq_relay_ietf::file_coordinator[0m[2m:[0m looking up namespace: /bbb [3mnamespace[0m[2m=[0m/bbb [3mscope[0m[2m=[0m/bbb
[2m2026-05-28T03:15:37.519669Z[0m [31mERROR[0m [2mmoq_relay_ietf::producer[0m[2m:[0m failed to route to remote: namespace not found [3mnamespace[0m[2m=[0m/bbb [3mtrack[0m[2m=[0m.catalog [3merror[0m[2m=[0mnamespace not found
[2m2026-05-28T03:15:37.519735Z[0m [31mERROR[0m [2mmoq_transport::serve::error[0m[2m:[0m [7dfd123f-fead-4ed5-93b2-fa4b9b294e88] Internal error: route error for namespace '/bbb': namespace not found at /home/oramadan/src/pim-multicast-gateway/moq-rs/moq-relay-ietf/src/producer.rs:151
[2m2026-05-28T03:15:37.519850Z[0m [33m WARN[0m [2mmoq_relay_ietf::producer[0m[2m:[0m failed serving subscribe: SubscribeInfo { id: 0, track_namespace: /bbb, track_name: ".catalog", subscriber_priority: 127, group_order: Publisher, forward: true, filter_type: LargestObject, start_location: None, end_group_id: None, params: {  }, track_status: false }, error: internal error: Internal error [error:7dfd123f-fead-4ed5-93b2-fa4b9b294e88] [3mnamespace[0m[2m=[0m/bbb [3mtrack[0m[2m=[0m.catalog [3merror[0m[2m=[0minternal error: Internal error [error:7dfd123f-fead-4ed5-93b2-fa4b9b294e88]
[2m2026-05-28T03:15:37.521060Z[0m [33m WARN[0m [2mmoq_transport::session::reader[0m[2m:[0m [READER] decode: stream ended while waiting for data (have=0 bytes, need=1)
[2m2026-05-28T03:15:37.521206Z[0m [33m WARN[0m [2mmoq_relay_ietf::relay[0m[2m:[0m MoQ session error: decode error: fill buffer [3merror[0m[2m=[0mdecode error: fill buffer
[2m2026-05-28T03:15:51.549078Z[0m [34mDEBUG[0m [2mmoq_relay_ietf::file_coordinator[0m[2m:[0m unregistering namespace: /bbb [3mnamespace[0m[2m=[0m/bbb [3mscope[0m[2m=[0m
[2m2026-05-28T03:15:51.549303Z[0m [34mDEBUG[0m [2mmoq_relay_ietf::local[0m[2m:[0m deregistering namespace from locals [3mnamespace[0m[2m=[0m/bbb [3mscope[0m[2m=[0m<unscoped>
[2m2026-05-28T03:15:51.549392Z[0m [34mDEBUG[0m [2mmoq_relay_ietf::relay[0m[2m:[0m MoQ session closed gracefully
[2m2026-05-28T03:17:50.211940Z[0m [32m INFO[0m [2mmoq_relay_ietf::consumer[0m[2m:[0m serving announce: AnnounceInfo { request_id: 0, namespace: /bbb } [3mnamespace[0m[2m=[0m/bbb
[2m2026-05-28T03:17:50.212005Z[0m [34mDEBUG[0m [2mmoq_relay_ietf::consumer[0m[2m:[0m registering namespace in locals [3mnamespace[0m[2m=[0m/bbb
[2m2026-05-28T03:17:50.212023Z[0m [34mDEBUG[0m [2mmoq_relay_ietf::consumer[0m[2m:[0m namespace registered in locals [3mnamespace[0m[2m=[0m/bbb
[2m2026-05-28T03:17:50.212034Z[0m [34mDEBUG[0m [2mmoq_relay_ietf::consumer[0m[2m:[0m registering namespace with coordinator [3mnamespace[0m[2m=[0m/bbb
[2m2026-05-28T03:17:50.222798Z[0m [32m INFO[0m [2mmoq_relay_ietf::file_coordinator[0m[2m:[0m registering namespace: /bbb -> https://[::]:4443/ [3mnamespace[0m[2m=[0m/bbb [3mscope[0m[2m=[0m [3mrelay_url[0m[2m=[0mhttps://[::]:4443/
[2m2026-05-28T03:17:50.223159Z[0m [34mDEBUG[0m [2mmoq_relay_ietf::consumer[0m[2m:[0m namespace registered with coordinator [3mnamespace[0m[2m=[0m/bbb
[2m2026-05-28T03:17:50.223233Z[0m [34mDEBUG[0m [2mmoq_relay_ietf::consumer[0m[2m:[0m sent ANNOUNCE_OK [3mnamespace[0m[2m=[0m/bbb
[2m2026-05-28T03:17:55.479782Z[0m [32m INFO[0m [2mmoq_relay_ietf::producer[0m[2m:[0m serving subscribe: SubscribeInfo { id: 0, track_namespace: /bbb, track_name: ".catalog", subscriber_priority: 127, group_order: Publisher, forward: true, filter_type: LargestObject, start_location: None, end_group_id: None, params: {  }, track_status: false } [3mnamespace[0m[2m=[0m/bbb [3mtrack[0m[2m=[0m.catalog
[2m2026-05-28T03:17:55.479884Z[0m [32m INFO[0m [2mmoq_relay_ietf::producer[0m[2m:[0m serving subscribe from local: Track { namespace: /bbb, name: ".catalog" } [3mnamespace[0m[2m=[0m/bbb [3mtrack[0m[2m=[0m.catalog [3msource[0m[2m=[0m"local"
[2m2026-05-28T03:17:55.479972Z[0m [32m INFO[0m [2mmoq_relay_ietf::consumer[0m[2m:[0m forwarding subscribe: Track { namespace: /bbb, name: ".catalog" } [3mnamespace[0m[2m=[0m/bbb [3mtrack[0m[2m=[0m.catalog
[2m2026-05-28T03:17:55.481015Z[0m [32m INFO[0m [2mmoq_transport::session::subscriber[0m[2m:[0m [SUBSCRIBER] recv_subgroup: completed subgroup (group_id=0, subgroup_id=0, 1 objects received)
[2m2026-05-28T03:17:55.481299Z[0m [32m INFO[0m [2mmoq_transport::session::subscribed[0m[2m:[0m [PUBLISHER] serve_subgroup: completed subgroup (group_id=0, subgroup_id=0, 1 objects sent)
[2m2026-05-28T03:17:55.482208Z[0m [32m INFO[0m [2mmoq_relay_ietf::producer[0m[2m:[0m serving subscribe: SubscribeInfo { id: 2, track_namespace: /bbb, track_name: "0.mp4", subscriber_priority: 127, group_order: Publisher, forward: true, filter_type: LargestObject, start_location: None, end_group_id: None, params: {  }, track_status: false } [3mnamespace[0m[2m=[0m/bbb [3mtrack[0m[2m=[0m0.mp4
[2m2026-05-28T03:17:55.482264Z[0m [32m INFO[0m [2mmoq_relay_ietf::producer[0m[2m:[0m serving subscribe from local: Track { namespace: /bbb, name: "0.mp4" } [3mnamespace[0m[2m=[0m/bbb [3mtrack[0m[2m=[0m0.mp4 [3msource[0m[2m=[0m"local"
[2m2026-05-28T03:17:55.482325Z[0m [32m INFO[0m [2mmoq_relay_ietf::consumer[0m[2m:[0m forwarding subscribe: Track { namespace: /bbb, name: "0.mp4" } [3mnamespace[0m[2m=[0m/bbb [3mtrack[0m[2m=[0m0.mp4
[2m2026-05-28T03:17:55.483112Z[0m [32m INFO[0m [2mmoq_transport::session::subscriber[0m[2m:[0m [SUBSCRIBER] recv_subgroup: completed subgroup (group_id=0, subgroup_id=0, 1 objects received)
[2m2026-05-28T03:17:55.483229Z[0m [32m INFO[0m [2mmoq_transport::session::subscribed[0m[2m:[0m [PUBLISHER] serve_subgroup: completed subgroup (group_id=0, subgroup_id=0, 1 objects sent)
[2m2026-05-28T03:17:55.484119Z[0m [32m INFO[0m [2mmoq_relay_ietf::producer[0m[2m:[0m serving subscribe: SubscribeInfo { id: 4, track_namespace: /bbb, track_name: "1.m4s", subscriber_priority: 127, group_order: Publisher, forward: true, filter_type: LargestObject, start_location: None, end_group_id: None, params: {  }, track_status: false } [3mnamespace[0m[2m=[0m/bbb [3mtrack[0m[2m=[0m1.m4s
[2m2026-05-28T03:17:55.484177Z[0m [32m INFO[0m [2mmoq_relay_ietf::producer[0m[2m:[0m serving subscribe from local: Track { namespace: /bbb, name: "1.m4s" } [3mnamespace[0m[2m=[0m/bbb [3mtrack[0m[2m=[0m1.m4s [3msource[0m[2m=[0m"local"
[2m2026-05-28T03:17:55.484198Z[0m [32m INFO[0m [2mmoq_relay_ietf::producer[0m[2m:[0m serving subscribe: SubscribeInfo { id: 6, track_namespace: /bbb, track_name: "2.m4s", subscriber_priority: 127, group_order: Publisher, forward: true, filter_type: LargestObject, start_location: None, end_group_id: None, params: {  }, track_status: false } [3mnamespace[0m[2m=[0m/bbb [3mtrack[0m[2m=[0m2.m4s
[2m2026-05-28T03:17:55.484214Z[0m [32m INFO[0m [2mmoq_relay_ietf::producer[0m[2m:[0m serving subscribe from local: Track { namespace: /bbb, name: "2.m4s" } [3mnamespace[0m[2m=[0m/bbb [3mtrack[0m[2m=[0m2.m4s [3msource[0m[2m=[0m"local"
[2m2026-05-28T03:17:55.484251Z[0m [32m INFO[0m [2mmoq_relay_ietf::consumer[0m[2m:[0m forwarding subscribe: Track { namespace: /bbb, name: "1.m4s" } [3mnamespace[0m[2m=[0m/bbb [3mtrack[0m[2m=[0m1.m4s
[2m2026-05-28T03:17:55.484267Z[0m [32m INFO[0m [2mmoq_relay_ietf::consumer[0m[2m:[0m forwarding subscribe: Track { namespace: /bbb, name: "2.m4s" } [3mnamespace[0m[2m=[0m/bbb [3mtrack[0m[2m=[0m2.m4s
[2m2026-05-28T03:17:55.919638Z[0m [32m INFO[0m [2mmoq_transport::session::subscriber[0m[2m:[0m [SUBSCRIBER] recv_subgroup: completed subgroup (group_id=10, subgroup_id=0, 23 objects received)
[2m2026-05-28T03:17:55.919715Z[0m [32m INFO[0m [2mmoq_transport::session::subscriber[0m[2m:[0m [SUBSCRIBER] recv_subgroup: completed subgroup (group_id=10, subgroup_id=0, 12 objects received)
[2m2026-05-28T03:17:55.919797Z[0m [32m INFO[0m [2mmoq_transport::session::subscribed[0m[2m:[0m [PUBLISHER] serve_subgroup: completed subgroup (group_id=10, subgroup_id=0, 23 objects sent)
[2m2026-05-28T03:17:55.919834Z[0m [32m INFO[0m [2mmoq_transport::session::subscribed[0m[2m:[0m [PUBLISHER] serve_subgroup: completed subgroup (group_id=10, subgroup_id=0, 12 objects sent)
[2m2026-05-28T03:17:56.419914Z[0m [32m INFO[0m [2mmoq_transport::session::subscriber[0m[2m:[0m [SUBSCRIBER] recv_subgroup: completed subgroup (group_id=11, subgroup_id=0, 24 objects received)
[2m2026-05-28T03:17:56.419979Z[0m [32m INFO[0m [2mmoq_transport::session::subscriber[0m[2m:[0m [SUBSCRIBER] recv_subgroup: completed subgroup (group_id=11, subgroup_id=0, 12 objects received)
[2m2026-05-28T03:17:56.420072Z[0m [32m INFO[0m [2mmoq_transport::session::subscribed[0m[2m:[0m [PUBLISHER] serve_subgroup: completed subgroup (group_id=11, subgroup_id=0, 24 objects sent)
[2m2026-05-28T03:17:56.420186Z[0m [32m INFO[0m [2mmoq_transport::session::subscribed[0m[2m:[0m [PUBLISHER] serve_subgroup: completed subgroup (group_id=11, subgroup_id=0, 12 objects sent)
[2m2026-05-28T03:17:56.919375Z[0m [32m INFO[0m [2mmoq_transport::session::subscriber[0m[2m:[0m [SUBSCRIBER] recv_subgroup: completed subgroup (group_id=12, subgroup_id=0, 23 objects received)
[2m2026-05-28T03:17:56.919445Z[0m [32m INFO[0m [2mmoq_transport::session::subscriber[0m[2m:[0m [SUBSCRIBER] recv_subgroup: completed subgroup (group_id=12, subgroup_id=0, 12 objects received)
[2m2026-05-28T03:17:56.919501Z[0m [32m INFO[0m [2mmoq_transport::session::subscribed[0m[2m:[0m [PUBLISHER] serve_subgroup: completed subgroup (group_id=12, subgroup_id=0, 23 objects sent)
[2m2026-05-28T03:17:56.919550Z[0m [32m INFO[0m [2mmoq_transport::session::subscribed[0m[2m:[0m [PUBLISHER] serve_subgroup: completed subgroup (group_id=12, subgroup_id=0, 12 objects sent)
[2m2026-05-28T03:17:57.419193Z[0m [32m INFO[0m [2mmoq_transport::session::subscriber[0m[2m:[0m [SUBSCRIBER] recv_subgroup: completed subgroup (group_id=13, subgroup_id=0, 24 objects received)
[2m2026-05-28T03:17:57.419266Z[0m [32m INFO[0m [2mmoq_transport::session::subscriber[0m[2m:[0m [SUBSCRIBER] recv_subgroup: completed subgroup (group_id=13, subgroup_id=0, 12 objects received)
[2m2026-05-28T03:17:57.419309Z[0m [32m INFO[0m [2mmoq_transport::session::subscribed[0m[2m:[0m [PUBLISHER] serve_subgroup: completed subgroup (group_id=13, subgroup_id=0, 24 objects sent)
[2m2026-05-28T03:17:57.419341Z[0m [32m INFO[0m [2mmoq_transport::session::subscribed[0m[2m:[0m [PUBLISHER] serve_subgroup: completed subgroup (group_id=13, subgroup_id=0, 12 objects sent)
[2m2026-05-28T03:17:57.919950Z[0m [32m INFO[0m [2mmoq_transport::session::subscriber[0m[2m:[0m [SUBSCRIBER] recv_subgroup: completed subgroup (group_id=14, subgroup_id=0, 23 objects received)
[2m2026-05-28T03:17:57.920013Z[0m [32m INFO[0m [2mmoq_transport::session::subscriber[0m[2m:[0m [SUBSCRIBER] recv_subgroup: completed subgroup (group_id=14, subgroup_id=0, 12 objects received)
[2m2026-05-28T03:17:57.920067Z[0m [32m INFO[0m [2mmoq_transport::session::subscribed[0m[2m:[0m [PUBLISHER] serve_subgroup: completed subgroup (group_id=14, subgroup_id=0, 23 objects sent)
[2m2026-05-28T03:17:57.920105Z[0m [32m INFO[0m [2mmoq_transport::session::subscribed[0m[2m:[0m [PUBLISHER] serve_subgroup: completed subgroup (group_id=14, subgroup_id=0, 12 objects sent)
[2m2026-05-28T03:17:58.419455Z[0m [32m INFO[0m [2mmoq_transport::session::subscriber[0m[2m:[0m [SUBSCRIBER] recv_subgroup: completed subgroup (group_id=15, subgroup_id=0, 22 objects received)
[2m2026-05-28T03:17:58.419521Z[0m [32m INFO[0m [2mmoq_transport::session::subscriber[0m[2m:[0m [SUBSCRIBER] recv_subgroup: completed subgroup (group_id=15, subgroup_id=0, 12 objects received)
[2m2026-05-28T03:17:58.419594Z[0m [32m INFO[0m [2mmoq_transport::session::subscribed[0m[2m:[0m [PUBLISHER] serve_subgroup: completed subgroup (group_id=15, subgroup_id=0, 22 objects sent)
[2m2026-05-28T03:17:58.419652Z[0m [32m INFO[0m [2mmoq_transport::session::subscribed[0m[2m:[0m [PUBLISHER] serve_subgroup: completed subgroup (group_id=15, subgroup_id=0, 12 objects sent)
[2m2026-05-28T03:17:58.919318Z[0m [32m INFO[0m [2mmoq_transport::session::subscriber[0m[2m:[0m [SUBSCRIBER] recv_subgroup: completed subgroup (group_id=16, subgroup_id=0, 25 objects received)
[2m2026-05-28T03:17:58.919368Z[0m [32m INFO[0m [2mmoq_transport::session::subscriber[0m[2m:[0m [SUBSCRIBER] recv_subgroup: completed subgroup (group_id=16, subgroup_id=0, 12 objects received)
[2m2026-05-28T03:17:58.919410Z[0m [32m INFO[0m [2mmoq_transport::session::subscribed[0m[2m:[0m [PUBLISHER] serve_subgroup: completed subgroup (group_id=16, subgroup_id=0, 25 objects sent)
[2m2026-05-28T03:17:58.919436Z[0m [32m INFO[0m [2mmoq_transport::session::subscribed[0m[2m:[0m [PUBLISHER] serve_subgroup: completed subgroup (group_id=16, subgroup_id=0, 12 objects sent)
[2m2026-05-28T03:17:59.419475Z[0m [32m INFO[0m [2mmoq_transport::session::subscriber[0m[2m:[0m [SUBSCRIBER] recv_subgroup: completed subgroup (group_id=17, subgroup_id=0, 23 objects received)
[2m2026-05-28T03:17:59.419532Z[0m [32m INFO[0m [2mmoq_transport::session::subscriber[0m[2m:[0m [SUBSCRIBER] recv_subgroup: completed subgroup (group_id=17, subgroup_id=0, 12 objects received)
[2m2026-05-28T03:17:59.419602Z[0m [32m INFO[0m [2mmoq_transport::session::subscribed[0m[2m:[0m [PUBLISHER] serve_subgroup: completed subgroup (group_id=17, subgroup_id=0, 23 objects sent)
[2m2026-05-28T03:17:59.419817Z[0m [32m INFO[0m [2mmoq_transport::session::subscribed[0m[2m:[0m [PUBLISHER] serve_subgroup: completed subgroup (group_id=17, subgroup_id=0, 12 objects sent)
[2m2026-05-28T03:17:59.919580Z[0m [32m INFO[0m [2mmoq_transport::session::subscriber[0m[2m:[0m [SUBSCRIBER] recv_subgroup: completed subgroup (group_id=18, subgroup_id=0, 24 objects received)
[2m2026-05-28T03:17:59.919691Z[0m [32m INFO[0m [2mmoq_transport::session::subscriber[0m[2m:[0m [SUBSCRIBER] recv_subgroup: completed subgroup (group_id=18, subgroup_id=0, 12 objects received)
[2m2026-05-28T03:17:59.919766Z[0m [32m INFO[0m [2mmoq_transport::session::subscribed[0m[2m:[0m [PUBLISHER] serve_subgroup: completed subgroup (group_id=18, subgroup_id=0, 24 objects sent)
[2m2026-05-28T03:17:59.919805Z[0m [32m INFO[0m [2mmoq_transport::session::subscribed[0m[2m:[0m [PUBLISHER] serve_subgroup: completed subgroup (group_id=18, subgroup_id=0, 12 objects sent)
[2m2026-05-28T03:18:00.419265Z[0m [32m INFO[0m [2mmoq_transport::session::subscriber[0m[2m:[0m [SUBSCRIBER] recv_subgroup: completed subgroup (group_id=19, subgroup_id=0, 23 objects received)
[2m2026-05-28T03:18:00.419400Z[0m [32m INFO[0m [2mmoq_transport::session::subscriber[0m[2m:[0m [SUBSCRIBER] recv_subgroup: completed subgroup (group_id=19, subgroup_id=0, 12 objects received)
[2m2026-05-28T03:18:00.419517Z[0m [32m INFO[0m [2mmoq_transport::session::subscribed[0m[2m:[0m [PUBLISHER] serve_subgroup: completed subgroup (group_id=19, subgroup_id=0, 23 objects sent)
[2m2026-05-28T03:18:00.419624Z[0m [32m INFO[0m [2mmoq_transport::session::subscribed[0m[2m:[0m [PUBLISHER] serve_subgroup: completed subgroup (group_id=19, subgroup_id=0, 12 objects sent)
[2m2026-05-28T03:18:00.919097Z[0m [32m INFO[0m [2mmoq_transport::session::subscriber[0m[2m:[0m [SUBSCRIBER] recv_subgroup: completed subgroup (group_id=20, subgroup_id=0, 24 objects received)
[2m2026-05-28T03:18:00.919166Z[0m [32m INFO[0m [2mmoq_transport::session::subscriber[0m[2m:[0m [SUBSCRIBER] recv_subgroup: completed subgroup (group_id=20, subgroup_id=0, 12 objects received)
[2m2026-05-28T03:18:00.919262Z[0m [32m INFO[0m [2mmoq_transport::session::subscribed[0m[2m:[0m [PUBLISHER] serve_subgroup: completed subgroup (group_id=20, subgroup_id=0, 24 objects sent)
[2m2026-05-28T03:18:00.919289Z[0m [32m INFO[0m [2mmoq_transport::session::subscribed[0m[2m:[0m [PUBLISHER] serve_subgroup: completed subgroup (group_id=20, subgroup_id=0, 12 objects sent)
[2m2026-05-28T03:18:01.419228Z[0m [32m INFO[0m [2mmoq_transport::session::subscriber[0m[2m:[0m [SUBSCRIBER] recv_subgroup: completed subgroup (group_id=21, subgroup_id=0, 23 objects received)
[2m2026-05-28T03:18:01.419314Z[0m [32m INFO[0m [2mmoq_transport::session::subscriber[0m[2m:[0m [SUBSCRIBER] recv_subgroup: completed subgroup (group_id=21, subgroup_id=0, 12 objects received)
[2m2026-05-28T03:18:01.419415Z[0m [32m INFO[0m [2mmoq_transport::session::subscribed[0m[2m:[0m [PUBLISHER] serve_subgroup: completed subgroup (group_id=21, subgroup_id=0, 23 objects sent)
[2m2026-05-28T03:18:01.419447Z[0m [32m INFO[0m [2mmoq_transport::session::subscribed[0m[2m:[0m [PUBLISHER] serve_subgroup: completed subgroup (group_id=21, subgroup_id=0, 12 objects sent)
[2m2026-05-28T03:18:01.919437Z[0m [32m INFO[0m [2mmoq_transport::session::subscriber[0m[2m:[0m [SUBSCRIBER] recv_subgroup: completed subgroup (group_id=22, subgroup_id=0, 24 objects received)
[2m2026-05-28T03:18:01.919603Z[0m [32m INFO[0m [2mmoq_transport::session::subscriber[0m[2m:[0m [SUBSCRIBER] recv_subgroup: completed subgroup (group_id=22, subgroup_id=0, 12 objects received)
[2m2026-05-28T03:18:01.919755Z[0m [32m INFO[0m [2mmoq_transport::session::subscribed[0m[2m:[0m [PUBLISHER] serve_subgroup: completed subgroup (group_id=22, subgroup_id=0, 24 objects sent)
[2m2026-05-28T03:18:01.919824Z[0m [32m INFO[0m [2mmoq_transport::session::subscribed[0m[2m:[0m [PUBLISHER] serve_subgroup: completed subgroup (group_id=22, subgroup_id=0, 12 objects sent)
[2m2026-05-28T03:18:02.419711Z[0m [32m INFO[0m [2mmoq_transport::session::subscriber[0m[2m:[0m [SUBSCRIBER] recv_subgroup: completed subgroup (group_id=23, subgroup_id=0, 23 objects received)
[2m2026-05-28T03:18:02.419896Z[0m [32m INFO[0m [2mmoq_transport::session::subscriber[0m[2m:[0m [SUBSCRIBER] recv_subgroup: completed subgroup (group_id=23, subgroup_id=0, 12 objects received)
[2m2026-05-28T03:18:02.420036Z[0m [32m INFO[0m [2mmoq_transport::session::subscribed[0m[2m:[0m [PUBLISHER] serve_subgroup: completed subgroup (group_id=23, subgroup_id=0, 23 objects sent)
[2m2026-05-28T03:18:02.420114Z[0m [32m INFO[0m [2mmoq_transport::session::subscribed[0m[2m:[0m [PUBLISHER] serve_subgroup: completed subgroup (group_id=23, subgroup_id=0, 12 objects sent)
[2m2026-05-28T03:18:02.919539Z[0m [32m INFO[0m [2mmoq_transport::session::subscriber[0m[2m:[0m [SUBSCRIBER] recv_subgroup: completed subgroup (group_id=24, subgroup_id=0, 23 objects received)
[2m2026-05-28T03:18:02.919662Z[0m [32m INFO[0m [2mmoq_transport::session::subscriber[0m[2m:[0m [SUBSCRIBER] recv_subgroup: completed subgroup (group_id=24, subgroup_id=0, 12 objects received)
[2m2026-05-28T03:18:02.919766Z[0m [32m INFO[0m [2mmoq_transport::session::subscribed[0m[2m:[0m [PUBLISHER] serve_subgroup: completed subgroup (group_id=24, subgroup_id=0, 23 objects sent)
[2m2026-05-28T03:18:02.919828Z[0m [32m INFO[0m [2mmoq_transport::session::subscribed[0m[2m:[0m [PUBLISHER] serve_subgroup: completed subgroup (group_id=24, subgroup_id=0, 12 objects sent)
[2m2026-05-28T03:18:03.420107Z[0m [32m INFO[0m [2mmoq_transport::session::subscriber[0m[2m:[0m [SUBSCRIBER] recv_subgroup: completed subgroup (group_id=25, subgroup_id=0, 24 objects received)
[2m2026-05-28T03:18:03.420254Z[0m [32m INFO[0m [2mmoq_transport::session::subscriber[0m[2m:[0m [SUBSCRIBER] recv_subgroup: completed subgroup (group_id=25, subgroup_id=0, 12 objects received)
[2m2026-05-28T03:18:03.420400Z[0m [32m INFO[0m [2mmoq_transport::session::subscribed[0m[2m:[0m [PUBLISHER] serve_subgroup: completed subgroup (group_id=25, subgroup_id=0, 24 objects sent)
[2m2026-05-28T03:18:03.420695Z[0m [32m INFO[0m [2mmoq_transport::session::subscribed[0m[2m:[0m [PUBLISHER] serve_subgroup: completed subgroup (group_id=25, subgroup_id=0, 12 objects sent)
[2m2026-05-28T03:18:03.919195Z[0m [32m INFO[0m [2mmoq_transport::session::subscriber[0m[2m:[0m [SUBSCRIBER] recv_subgroup: completed subgroup (group_id=26, subgroup_id=0, 23 objects received)
[2m2026-05-28T03:18:03.919246Z[0m [32m INFO[0m [2mmoq_transport::session::subscriber[0m[2m:[0m [SUBSCRIBER] recv_subgroup: completed subgroup (group_id=26, subgroup_id=0, 12 objects received)
[2m2026-05-28T03:18:03.919291Z[0m [32m INFO[0m [2mmoq_transport::session::subscribed[0m[2m:[0m [PUBLISHER] serve_subgroup: completed subgroup (group_id=26, subgroup_id=0, 23 objects sent)
[2m2026-05-28T03:18:03.919314Z[0m [32m INFO[0m [2mmoq_transport::session::subscribed[0m[2m:[0m [PUBLISHER] serve_subgroup: completed subgroup (group_id=26, subgroup_id=0, 12 objects sent)
[2m2026-05-28T03:18:04.419505Z[0m [32m INFO[0m [2mmoq_transport::session::subscriber[0m[2m:[0m [SUBSCRIBER] recv_subgroup: completed subgroup (group_id=27, subgroup_id=0, 24 objects received)
[2m2026-05-28T03:18:04.419681Z[0m [32m INFO[0m [2mmoq_transport::session::subscriber[0m[2m:[0m [SUBSCRIBER] recv_subgroup: completed subgroup (group_id=27, subgroup_id=0, 12 objects received)
[2m2026-05-28T03:18:04.419858Z[0m [32m INFO[0m [2mmoq_transport::session::subscribed[0m[2m:[0m [PUBLISHER] serve_subgroup: completed subgroup (group_id=27, subgroup_id=0, 24 objects sent)
[2m2026-05-28T03:18:04.419940Z[0m [32m INFO[0m [2mmoq_transport::session::subscribed[0m[2m:[0m [PUBLISHER] serve_subgroup: completed subgroup (group_id=27, subgroup_id=0, 12 objects sent)
[2m2026-05-28T03:18:04.919774Z[0m [32m INFO[0m [2mmoq_transport::session::subscriber[0m[2m:[0m [SUBSCRIBER] recv_subgroup: completed subgroup (group_id=28, subgroup_id=0, 23 objects received)
[2m2026-05-28T03:18:04.919981Z[0m [32m INFO[0m [2mmoq_transport::session::subscriber[0m[2m:[0m [SUBSCRIBER] recv_subgroup: completed subgroup (group_id=28, subgroup_id=0, 12 objects received)
[2m2026-05-28T03:18:04.920054Z[0m [32m INFO[0m [2mmoq_transport::session::subscribed[0m[2m:[0m [PUBLISHER] serve_subgroup: completed subgroup (group_id=28, subgroup_id=0, 23 objects sent)
[2m2026-05-28T03:18:04.920104Z[0m [32m INFO[0m [2mmoq_transport::session::subscribed[0m[2m:[0m [PUBLISHER] serve_subgroup: completed subgroup (group_id=28, subgroup_id=0, 12 objects sent)
[2m2026-05-28T03:18:05.419733Z[0m [32m INFO[0m [2mmoq_transport::session::subscriber[0m[2m:[0m [SUBSCRIBER] recv_subgroup: completed subgroup (group_id=29, subgroup_id=0, 24 objects received)
[2m2026-05-28T03:18:05.419893Z[0m [32m INFO[0m [2mmoq_transport::session::subscriber[0m[2m:[0m [SUBSCRIBER] recv_subgroup: completed subgroup (group_id=29, subgroup_id=0, 12 objects received)
[2m2026-05-28T03:18:05.420046Z[0m [32m INFO[0m [2mmoq_transport::session::subscribed[0m[2m:[0m [PUBLISHER] serve_subgroup: completed subgroup (group_id=29, subgroup_id=0, 24 objects sent)
[2m2026-05-28T03:18:05.420105Z[0m [32m INFO[0m [2mmoq_transport::session::subscribed[0m[2m:[0m [PUBLISHER] serve_subgroup: completed subgroup (group_id=29, subgroup_id=0, 12 objects sent)
[2m2026-05-28T03:18:05.919857Z[0m [32m INFO[0m [2mmoq_transport::session::subscriber[0m[2m:[0m [SUBSCRIBER] recv_subgroup: completed subgroup (group_id=30, subgroup_id=0, 23 objects received)
[2m2026-05-28T03:18:05.919963Z[0m [32m INFO[0m [2mmoq_transport::session::subscriber[0m[2m:[0m [SUBSCRIBER] recv_subgroup: completed subgroup (group_id=30, subgroup_id=0, 12 objects received)
[2m2026-05-28T03:18:05.920079Z[0m [32m INFO[0m [2mmoq_transport::session::subscribed[0m[2m:[0m [PUBLISHER] serve_subgroup: completed subgroup (group_id=30, subgroup_id=0, 23 objects sent)
[2m2026-05-28T03:18:05.920145Z[0m [32m INFO[0m [2mmoq_transport::session::subscribed[0m[2m:[0m [PUBLISHER] serve_subgroup: completed subgroup (group_id=30, subgroup_id=0, 12 objects sent)
[2m2026-05-28T03:18:06.419745Z[0m [32m INFO[0m [2mmoq_transport::session::subscriber[0m[2m:[0m [SUBSCRIBER] recv_subgroup: completed subgroup (group_id=31, subgroup_id=0, 22 objects received)
[2m2026-05-28T03:18:06.419818Z[0m [32m INFO[0m [2mmoq_transport::session::subscriber[0m[2m:[0m [SUBSCRIBER] recv_subgroup: completed subgroup (group_id=31, subgroup_id=0, 12 objects received)
[2m2026-05-28T03:18:06.419907Z[0m [32m INFO[0m [2mmoq_transport::session::subscribed[0m[2m:[0m [PUBLISHER] serve_subgroup: completed subgroup (group_id=31, subgroup_id=0, 22 objects sent)
[2m2026-05-28T03:18:06.420232Z[0m [32m INFO[0m [2mmoq_transport::session::subscribed[0m[2m:[0m [PUBLISHER] serve_subgroup: completed subgroup (group_id=31, subgroup_id=0, 12 objects sent)
[2m2026-05-28T03:18:15.461371Z[0m [34mDEBUG[0m [2mmoq_relay_ietf::relay[0m[2m:[0m MoQ session closed gracefully
[2m2026-05-28T03:18:20.465036Z[0m [34mDEBUG[0m [2mmoq_relay_ietf::file_coordinator[0m[2m:[0m unregistering namespace: /bbb [3mnamespace[0m[2m=[0m/bbb [3mscope[0m[2m=[0m
[2m2026-05-28T03:18:20.465323Z[0m [34mDEBUG[0m [2mmoq_relay_ietf::local[0m[2m:[0m deregistering namespace from locals [3mnamespace[0m[2m=[0m/bbb [3mscope[0m[2m=[0m<unscoped>
[2m2026-05-28T03:18:20.465450Z[0m [34mDEBUG[0m [2mmoq_relay_ietf::relay[0m[2m:[0m MoQ session closed gracefully
